<?xml version="1.0" encoding="UTF-8"?>
<!-- Generated by org.testng.reporters.JUnitReportReporter -->
<testsuite hostname="malgujar" name="com.qa.test.openchrome" tests="1" failures="0" timestamp="30 Apr 2019 20:17:22 GMT" time="5.590" errors="0">
  <testcase name="opench" time="5.590" classname="com.qa.test.openchrome"/>
</testsuite> <!-- com.qa.test.openchrome -->
